<?xml version="1.0" encoding="UTF-8"?>
<testng-results skipped="0" failed="4" total="7" passed="3">
  <reporter-output>
  </reporter-output>
  <suite name="Suite" duration-ms="921947" started-at="2019-03-07T11:50:38Z" finished-at="2019-03-07T12:06:00Z">
    <groups>
    </groups>
    <test name="Test" duration-ms="921947" started-at="2019-03-07T11:50:38Z" finished-at="2019-03-07T12:06:00Z">
      <class name="Clinion_Execution.Clinion_EDCStudyExecutionClass">
        <test-method status="PASS" signature="BrowserInit()[pri:0, instance:Clinion_Execution.Clinion_EDCStudyExecutionClass@3532ec19]" name="BrowserInit" is-config="true" duration-ms="5306" started-at="2019-03-07T17:20:38Z" finished-at="2019-03-07T17:20:43Z">
          <reporter-output>
          </reporter-output>
        </test-method> <!-- BrowserInit -->
        <test-method status="PASS" signature="eCRFDataExtraction()[pri:0, instance:Clinion_Execution.Clinion_EDCStudyExecutionClass@3532ec19]" name="eCRFDataExtraction" duration-ms="323026" started-at="2019-03-07T17:20:43Z" finished-at="2019-03-07T17:26:06Z">
          <reporter-output>
          </reporter-output>
        </test-method> <!-- eCRFDataExtraction -->
        <test-method status="PASS" signature="closebrowser()[pri:0, instance:Clinion_Execution.Clinion_EDCStudyExecutionClass@3532ec19]" name="closebrowser" is-config="true" duration-ms="1160" started-at="2019-03-07T17:26:06Z" finished-at="2019-03-07T17:26:07Z">
          <reporter-output>
          </reporter-output>
        </test-method> <!-- closebrowser -->
      </class> <!-- Clinion_Execution.Clinion_EDCStudyExecutionClass -->
      <class name="Clinion_Execution.Clinion_CDMStudyExecutionClass">
        <test-method status="PASS" signature="BrowserInit()[pri:0, instance:Clinion_Execution.Clinion_CDMStudyExecutionClass@68c4039c]" name="BrowserInit" is-config="true" duration-ms="5104" started-at="2019-03-07T17:26:07Z" finished-at="2019-03-07T17:26:13Z">
          <reporter-output>
          </reporter-output>
        </test-method> <!-- BrowserInit -->
        <test-method status="PASS" signature="eCRFDataExtractionClinion3Point1PanelWise()[pri:0, instance:Clinion_Execution.Clinion_CDMStudyExecutionClass@68c4039c]" name="eCRFDataExtractionClinion3Point1PanelWise" duration-ms="31436" started-at="2019-03-07T17:26:13Z" finished-at="2019-03-07T17:26:44Z">
          <reporter-output>
          </reporter-output>
        </test-method> <!-- eCRFDataExtractionClinion3Point1PanelWise -->
        <test-method status="PASS" signature="closebrowser()[pri:0, instance:Clinion_Execution.Clinion_CDMStudyExecutionClass@68c4039c]" name="closebrowser" is-config="true" duration-ms="918" started-at="2019-03-07T17:26:44Z" finished-at="2019-03-07T17:26:45Z">
          <reporter-output>
          </reporter-output>
        </test-method> <!-- closebrowser -->
        <test-method status="PASS" signature="BrowserInit()[pri:0, instance:Clinion_Execution.Clinion_CDMStudyExecutionClass@68c4039c]" name="BrowserInit" is-config="true" duration-ms="3971" started-at="2019-03-07T17:26:45Z" finished-at="2019-03-07T17:26:49Z">
          <reporter-output>
          </reporter-output>
        </test-method> <!-- BrowserInit -->
        <test-method status="PASS" signature="eCRFDataExtractionClinion3Point1PageWise()[pri:1, instance:Clinion_Execution.Clinion_CDMStudyExecutionClass@68c4039c]" name="eCRFDataExtractionClinion3Point1PageWise" duration-ms="33348" started-at="2019-03-07T17:26:49Z" finished-at="2019-03-07T17:27:22Z">
          <reporter-output>
          </reporter-output>
        </test-method> <!-- eCRFDataExtractionClinion3Point1PageWise -->
        <test-method status="PASS" signature="closebrowser()[pri:0, instance:Clinion_Execution.Clinion_CDMStudyExecutionClass@68c4039c]" name="closebrowser" is-config="true" duration-ms="914" started-at="2019-03-07T17:27:22Z" finished-at="2019-03-07T17:27:23Z">
          <reporter-output>
          </reporter-output>
        </test-method> <!-- closebrowser -->
        <test-method status="PASS" signature="BrowserInit()[pri:0, instance:Clinion_Execution.Clinion_CDMStudyExecutionClass@68c4039c]" name="BrowserInit" is-config="true" duration-ms="4004" started-at="2019-03-07T17:27:23Z" finished-at="2019-03-07T17:27:27Z">
          <reporter-output>
          </reporter-output>
        </test-method> <!-- BrowserInit -->
        <test-method status="FAIL" signature="eCRFDataExtractionClinion3Point1DashBORD()[pri:2, instance:Clinion_Execution.Clinion_CDMStudyExecutionClass@68c4039c]" name="eCRFDataExtractionClinion3Point1DashBORD" duration-ms="124124" started-at="2019-03-07T17:27:27Z" finished-at="2019-03-07T17:29:31Z">
          <exception class="org.openqa.selenium.TimeoutException">
            <message>
              <![CDATA[Timed out after 120 seconds waiting for Clinion_GlobalMethod.Clinion_WaitMethod$1@555cf22
Build info: version: '2.53.1', revision: 'a36b8b1', time: '2016-06-30 17:37:03'
System info: host: 'bablukumar', ip: '20.0.0.130', os.name: 'Windows 10', os.arch: 'amd64', os.version: '10.0', java.version: '1.8.0_161'
Driver info: driver.version: unknown]]>
            </message>
            <full-stacktrace>
              <![CDATA[org.openqa.selenium.TimeoutException: Timed out after 120 seconds waiting for Clinion_GlobalMethod.Clinion_WaitMethod$1@555cf22
Build info: version: '2.53.1', revision: 'a36b8b1', time: '2016-06-30 17:37:03'
System info: host: 'bablukumar', ip: '20.0.0.130', os.name: 'Windows 10', os.arch: 'amd64', os.version: '10.0', java.version: '1.8.0_161'
Driver info: driver.version: unknown
	at org.openqa.selenium.support.ui.FluentWait.timeoutException(FluentWait.java:292)
	at org.openqa.selenium.support.ui.FluentWait.until(FluentWait.java:261)
	at Clinion_GlobalMethod.Clinion_WaitMethod.Wait_GetElementByXpath(Clinion_WaitMethod.java:45)
	at Clinion_CDM_Study.CRFDataExtraction3Point1.eCRFDataExtraction_DashBORD(CRFDataExtraction3Point1.java:370)
	at Clinion_Execution.Clinion_CDMStudyExecutionClass.eCRFDataExtractionClinion3Point1DashBORD(Clinion_CDMStudyExecutionClass.java:46)
	at sun.reflect.NativeMethodAccessorImpl.invoke0(Native Method)
	at sun.reflect.NativeMethodAccessorImpl.invoke(Unknown Source)
	at sun.reflect.DelegatingMethodAccessorImpl.invoke(Unknown Source)
	at java.lang.reflect.Method.invoke(Unknown Source)
	at org.testng.internal.MethodInvocationHelper.invokeMethod(MethodInvocationHelper.java:85)
	at org.testng.internal.Invoker.invokeMethod(Invoker.java:639)
	at org.testng.internal.Invoker.invokeTestMethod(Invoker.java:816)
	at org.testng.internal.Invoker.invokeTestMethods(Invoker.java:1124)
	at org.testng.internal.TestMethodWorker.invokeTestMethods(TestMethodWorker.java:125)
	at org.testng.internal.TestMethodWorker.run(TestMethodWorker.java:108)
	at org.testng.TestRunner.privateRun(TestRunner.java:774)
	at org.testng.TestRunner.run(TestRunner.java:624)
	at org.testng.SuiteRunner.runTest(SuiteRunner.java:359)
	at org.testng.SuiteRunner.runSequentially(SuiteRunner.java:354)
	at org.testng.SuiteRunner.privateRun(SuiteRunner.java:312)
	at org.testng.SuiteRunner.run(SuiteRunner.java:261)
	at org.testng.SuiteRunnerWorker.runSuite(SuiteRunnerWorker.java:52)
	at org.testng.SuiteRunnerWorker.run(SuiteRunnerWorker.java:86)
	at org.testng.TestNG.runSuitesSequentially(TestNG.java:1215)
	at org.testng.TestNG.runSuitesLocally(TestNG.java:1140)
	at org.testng.TestNG.run(TestNG.java:1048)
	at org.testng.remote.AbstractRemoteTestNG.run(AbstractRemoteTestNG.java:114)
	at org.testng.remote.RemoteTestNG.initAndRun(RemoteTestNG.java:251)
	at org.testng.remote.RemoteTestNG.main(RemoteTestNG.java:77)
Caused by: org.openqa.selenium.NoSuchElementException: no such element: Unable to locate element: {"method":"xpath","selector":"//tr/td[18]/table/tbody/tr/td[1]/a"}
  (Session info: chrome=72.0.3626.121)
  (Driver info: chromedriver=2.37.543627 (63642262d9fb93fb4ab52398be4286d844092a5e),platform=Windows NT 10.0.17134 x86_64) (WARNING: The server did not provide any stacktrace information)
Command duration or timeout: 19 milliseconds
For documentation on this error, please visit: http://seleniumhq.org/exceptions/no_such_element.html
Build info: version: '2.53.1', revision: 'a36b8b1', time: '2016-06-30 17:37:03'
System info: host: 'bablukumar', ip: '20.0.0.130', os.name: 'Windows 10', os.arch: 'amd64', os.version: '10.0', java.version: '1.8.0_161'
Driver info: org.openqa.selenium.chrome.ChromeDriver
Capabilities [{applicationCacheEnabled=false, rotatable=false, mobileEmulationEnabled=false, networkConnectionEnabled=false, chrome={chromedriverVersion=2.37.543627 (63642262d9fb93fb4ab52398be4286d844092a5e), userDataDir=C:\Users\bablu.p\AppData\Local\Temp\scoped_dir10876_31159}, takesHeapSnapshot=true, pageLoadStrategy=normal, databaseEnabled=false, handlesAlerts=true, hasTouchScreen=false, version=72.0.3626.121, platform=XP, browserConnectionEnabled=false, nativeEvents=true, acceptSslCerts=false, acceptInsecureCerts=false, locationContextEnabled=true, webStorageEnabled=true, browserName=chrome, takesScreenshot=true, javascriptEnabled=true, cssSelectorsEnabled=true, setWindowRect=true, unexpectedAlertBehaviour=}]
Session ID: b6c8d68cbe618ade3944739bf82b54ee
*** Element info: {Using=xpath, value=//tr/td[18]/table/tbody/tr/td[1]/a}
	at sun.reflect.NativeConstructorAccessorImpl.newInstance0(Native Method)
	at sun.reflect.NativeConstructorAccessorImpl.newInstance(Unknown Source)
	at sun.reflect.DelegatingConstructorAccessorImpl.newInstance(Unknown Source)
	at java.lang.reflect.Constructor.newInstance(Unknown Source)
	at org.openqa.selenium.remote.ErrorHandler.createThrowable(ErrorHandler.java:206)
	at org.openqa.selenium.remote.ErrorHandler.throwIfResponseFailed(ErrorHandler.java:158)
	at org.openqa.selenium.remote.RemoteWebDriver.execute(RemoteWebDriver.java:678)
	at org.openqa.selenium.remote.RemoteWebDriver.findElement(RemoteWebDriver.java:363)
	at org.openqa.selenium.remote.RemoteWebDriver.findElementByXPath(RemoteWebDriver.java:500)
	at org.openqa.selenium.By$ByXPath.findElement(By.java:361)
	at org.openqa.selenium.remote.RemoteWebDriver.findElement(RemoteWebDriver.java:355)
	at Clinion_GlobalMethod.Clinion_WaitMethod$1.apply(Clinion_WaitMethod.java:48)
	at org.openqa.selenium.support.ui.FluentWait.until(FluentWait.java:238)
	... 27 more
]]>
            </full-stacktrace>
          </exception> <!-- org.openqa.selenium.TimeoutException -->
          <reporter-output>
          </reporter-output>
        </test-method> <!-- eCRFDataExtractionClinion3Point1DashBORD -->
        <test-method status="PASS" signature="closebrowser()[pri:0, instance:Clinion_Execution.Clinion_CDMStudyExecutionClass@68c4039c]" name="closebrowser" is-config="true" duration-ms="894" started-at="2019-03-07T17:29:31Z" finished-at="2019-03-07T17:29:32Z">
          <reporter-output>
          </reporter-output>
        </test-method> <!-- closebrowser -->
        <test-method status="PASS" signature="BrowserInit()[pri:0, instance:Clinion_Execution.Clinion_CDMStudyExecutionClass@68c4039c]" name="BrowserInit" is-config="true" duration-ms="4206" started-at="2019-03-07T17:29:32Z" finished-at="2019-03-07T17:29:36Z">
          <reporter-output>
          </reporter-output>
        </test-method> <!-- BrowserInit -->
        <test-method status="FAIL" signature="eCRFDataExtractionClinion3Point1Editcheck()[pri:3, instance:Clinion_Execution.Clinion_CDMStudyExecutionClass@68c4039c]" name="eCRFDataExtractionClinion3Point1Editcheck" duration-ms="124129" started-at="2019-03-07T17:29:36Z" finished-at="2019-03-07T17:31:41Z">
          <exception class="org.openqa.selenium.TimeoutException">
            <message>
              <![CDATA[Timed out after 120 seconds waiting for Clinion_GlobalMethod.Clinion_WaitMethod$1@7d42c224
Build info: version: '2.53.1', revision: 'a36b8b1', time: '2016-06-30 17:37:03'
System info: host: 'bablukumar', ip: '20.0.0.130', os.name: 'Windows 10', os.arch: 'amd64', os.version: '10.0', java.version: '1.8.0_161'
Driver info: driver.version: unknown]]>
            </message>
            <full-stacktrace>
              <![CDATA[org.openqa.selenium.TimeoutException: Timed out after 120 seconds waiting for Clinion_GlobalMethod.Clinion_WaitMethod$1@7d42c224
Build info: version: '2.53.1', revision: 'a36b8b1', time: '2016-06-30 17:37:03'
System info: host: 'bablukumar', ip: '20.0.0.130', os.name: 'Windows 10', os.arch: 'amd64', os.version: '10.0', java.version: '1.8.0_161'
Driver info: driver.version: unknown
	at org.openqa.selenium.support.ui.FluentWait.timeoutException(FluentWait.java:292)
	at org.openqa.selenium.support.ui.FluentWait.until(FluentWait.java:261)
	at Clinion_GlobalMethod.Clinion_WaitMethod.Wait_GetElementByXpath(Clinion_WaitMethod.java:45)
	at Clinion_CDM_Study.CRFDataExtraction3Point1.eCRFDataExtraction_Editcheck(CRFDataExtraction3Point1.java:392)
	at Clinion_Execution.Clinion_CDMStudyExecutionClass.eCRFDataExtractionClinion3Point1Editcheck(Clinion_CDMStudyExecutionClass.java:52)
	at sun.reflect.NativeMethodAccessorImpl.invoke0(Native Method)
	at sun.reflect.NativeMethodAccessorImpl.invoke(Unknown Source)
	at sun.reflect.DelegatingMethodAccessorImpl.invoke(Unknown Source)
	at java.lang.reflect.Method.invoke(Unknown Source)
	at org.testng.internal.MethodInvocationHelper.invokeMethod(MethodInvocationHelper.java:85)
	at org.testng.internal.Invoker.invokeMethod(Invoker.java:639)
	at org.testng.internal.Invoker.invokeTestMethod(Invoker.java:816)
	at org.testng.internal.Invoker.invokeTestMethods(Invoker.java:1124)
	at org.testng.internal.TestMethodWorker.invokeTestMethods(TestMethodWorker.java:125)
	at org.testng.internal.TestMethodWorker.run(TestMethodWorker.java:108)
	at org.testng.TestRunner.privateRun(TestRunner.java:774)
	at org.testng.TestRunner.run(TestRunner.java:624)
	at org.testng.SuiteRunner.runTest(SuiteRunner.java:359)
	at org.testng.SuiteRunner.runSequentially(SuiteRunner.java:354)
	at org.testng.SuiteRunner.privateRun(SuiteRunner.java:312)
	at org.testng.SuiteRunner.run(SuiteRunner.java:261)
	at org.testng.SuiteRunnerWorker.runSuite(SuiteRunnerWorker.java:52)
	at org.testng.SuiteRunnerWorker.run(SuiteRunnerWorker.java:86)
	at org.testng.TestNG.runSuitesSequentially(TestNG.java:1215)
	at org.testng.TestNG.runSuitesLocally(TestNG.java:1140)
	at org.testng.TestNG.run(TestNG.java:1048)
	at org.testng.remote.AbstractRemoteTestNG.run(AbstractRemoteTestNG.java:114)
	at org.testng.remote.RemoteTestNG.initAndRun(RemoteTestNG.java:251)
	at org.testng.remote.RemoteTestNG.main(RemoteTestNG.java:77)
Caused by: org.openqa.selenium.NoSuchElementException: no such element: Unable to locate element: {"method":"xpath","selector":"//tr/td[18]/table/tbody/tr/td[1]/a"}
  (Session info: chrome=72.0.3626.121)
  (Driver info: chromedriver=2.37.543627 (63642262d9fb93fb4ab52398be4286d844092a5e),platform=Windows NT 10.0.17134 x86_64) (WARNING: The server did not provide any stacktrace information)
Command duration or timeout: 18 milliseconds
For documentation on this error, please visit: http://seleniumhq.org/exceptions/no_such_element.html
Build info: version: '2.53.1', revision: 'a36b8b1', time: '2016-06-30 17:37:03'
System info: host: 'bablukumar', ip: '20.0.0.130', os.name: 'Windows 10', os.arch: 'amd64', os.version: '10.0', java.version: '1.8.0_161'
Driver info: org.openqa.selenium.chrome.ChromeDriver
Capabilities [{applicationCacheEnabled=false, rotatable=false, mobileEmulationEnabled=false, networkConnectionEnabled=false, chrome={chromedriverVersion=2.37.543627 (63642262d9fb93fb4ab52398be4286d844092a5e), userDataDir=C:\Users\bablu.p\AppData\Local\Temp\scoped_dir13672_31218}, takesHeapSnapshot=true, pageLoadStrategy=normal, databaseEnabled=false, handlesAlerts=true, hasTouchScreen=false, version=72.0.3626.121, platform=XP, browserConnectionEnabled=false, nativeEvents=true, acceptSslCerts=false, acceptInsecureCerts=false, locationContextEnabled=true, webStorageEnabled=true, browserName=chrome, takesScreenshot=true, javascriptEnabled=true, cssSelectorsEnabled=true, setWindowRect=true, unexpectedAlertBehaviour=}]
Session ID: a87324a05532c2a6b234124fc0ece0fa
*** Element info: {Using=xpath, value=//tr/td[18]/table/tbody/tr/td[1]/a}
	at sun.reflect.GeneratedConstructorAccessor22.newInstance(Unknown Source)
	at sun.reflect.DelegatingConstructorAccessorImpl.newInstance(Unknown Source)
	at java.lang.reflect.Constructor.newInstance(Unknown Source)
	at org.openqa.selenium.remote.ErrorHandler.createThrowable(ErrorHandler.java:206)
	at org.openqa.selenium.remote.ErrorHandler.throwIfResponseFailed(ErrorHandler.java:158)
	at org.openqa.selenium.remote.RemoteWebDriver.execute(RemoteWebDriver.java:678)
	at org.openqa.selenium.remote.RemoteWebDriver.findElement(RemoteWebDriver.java:363)
	at org.openqa.selenium.remote.RemoteWebDriver.findElementByXPath(RemoteWebDriver.java:500)
	at org.openqa.selenium.By$ByXPath.findElement(By.java:361)
	at org.openqa.selenium.remote.RemoteWebDriver.findElement(RemoteWebDriver.java:355)
	at Clinion_GlobalMethod.Clinion_WaitMethod$1.apply(Clinion_WaitMethod.java:48)
	at org.openqa.selenium.support.ui.FluentWait.until(FluentWait.java:238)
	... 27 more
]]>
            </full-stacktrace>
          </exception> <!-- org.openqa.selenium.TimeoutException -->
          <reporter-output>
          </reporter-output>
        </test-method> <!-- eCRFDataExtractionClinion3Point1Editcheck -->
        <test-method status="PASS" signature="closebrowser()[pri:0, instance:Clinion_Execution.Clinion_CDMStudyExecutionClass@68c4039c]" name="closebrowser" is-config="true" duration-ms="890" started-at="2019-03-07T17:31:41Z" finished-at="2019-03-07T17:31:41Z">
          <reporter-output>
          </reporter-output>
        </test-method> <!-- closebrowser -->
        <test-method status="PASS" signature="BrowserInit()[pri:0, instance:Clinion_Execution.Clinion_CDMStudyExecutionClass@68c4039c]" name="BrowserInit" is-config="true" duration-ms="4002" started-at="2019-03-07T17:31:41Z" finished-at="2019-03-07T17:31:45Z">
          <reporter-output>
          </reporter-output>
        </test-method> <!-- BrowserInit -->
        <test-method status="FAIL" signature="eCRFDataExtractionClinion3Point1PerSubjt()[pri:4, instance:Clinion_Execution.Clinion_CDMStudyExecutionClass@68c4039c]" name="eCRFDataExtractionClinion3Point1PerSubjt" duration-ms="123954" started-at="2019-03-07T17:31:45Z" finished-at="2019-03-07T17:33:49Z">
          <exception class="org.openqa.selenium.TimeoutException">
            <message>
              <![CDATA[Timed out after 120 seconds waiting for Clinion_GlobalMethod.Clinion_WaitMethod$1@3fb6cf60
Build info: version: '2.53.1', revision: 'a36b8b1', time: '2016-06-30 17:37:03'
System info: host: 'bablukumar', ip: '20.0.0.130', os.name: 'Windows 10', os.arch: 'amd64', os.version: '10.0', java.version: '1.8.0_161'
Driver info: driver.version: unknown]]>
            </message>
            <full-stacktrace>
              <![CDATA[org.openqa.selenium.TimeoutException: Timed out after 120 seconds waiting for Clinion_GlobalMethod.Clinion_WaitMethod$1@3fb6cf60
Build info: version: '2.53.1', revision: 'a36b8b1', time: '2016-06-30 17:37:03'
System info: host: 'bablukumar', ip: '20.0.0.130', os.name: 'Windows 10', os.arch: 'amd64', os.version: '10.0', java.version: '1.8.0_161'
Driver info: driver.version: unknown
	at org.openqa.selenium.support.ui.FluentWait.timeoutException(FluentWait.java:292)
	at org.openqa.selenium.support.ui.FluentWait.until(FluentWait.java:261)
	at Clinion_GlobalMethod.Clinion_WaitMethod.Wait_GetElementByXpath(Clinion_WaitMethod.java:45)
	at Clinion_CDM_Study.CRFDataExtraction3Point1.eCRFDataExtraction_PerSubjt(CRFDataExtraction3Point1.java:436)
	at Clinion_Execution.Clinion_CDMStudyExecutionClass.eCRFDataExtractionClinion3Point1PerSubjt(Clinion_CDMStudyExecutionClass.java:64)
	at sun.reflect.NativeMethodAccessorImpl.invoke0(Native Method)
	at sun.reflect.NativeMethodAccessorImpl.invoke(Unknown Source)
	at sun.reflect.DelegatingMethodAccessorImpl.invoke(Unknown Source)
	at java.lang.reflect.Method.invoke(Unknown Source)
	at org.testng.internal.MethodInvocationHelper.invokeMethod(MethodInvocationHelper.java:85)
	at org.testng.internal.Invoker.invokeMethod(Invoker.java:639)
	at org.testng.internal.Invoker.invokeTestMethod(Invoker.java:816)
	at org.testng.internal.Invoker.invokeTestMethods(Invoker.java:1124)
	at org.testng.internal.TestMethodWorker.invokeTestMethods(TestMethodWorker.java:125)
	at org.testng.internal.TestMethodWorker.run(TestMethodWorker.java:108)
	at org.testng.TestRunner.privateRun(TestRunner.java:774)
	at org.testng.TestRunner.run(TestRunner.java:624)
	at org.testng.SuiteRunner.runTest(SuiteRunner.java:359)
	at org.testng.SuiteRunner.runSequentially(SuiteRunner.java:354)
	at org.testng.SuiteRunner.privateRun(SuiteRunner.java:312)
	at org.testng.SuiteRunner.run(SuiteRunner.java:261)
	at org.testng.SuiteRunnerWorker.runSuite(SuiteRunnerWorker.java:52)
	at org.testng.SuiteRunnerWorker.run(SuiteRunnerWorker.java:86)
	at org.testng.TestNG.runSuitesSequentially(TestNG.java:1215)
	at org.testng.TestNG.runSuitesLocally(TestNG.java:1140)
	at org.testng.TestNG.run(TestNG.java:1048)
	at org.testng.remote.AbstractRemoteTestNG.run(AbstractRemoteTestNG.java:114)
	at org.testng.remote.RemoteTestNG.initAndRun(RemoteTestNG.java:251)
	at org.testng.remote.RemoteTestNG.main(RemoteTestNG.java:77)
Caused by: org.openqa.selenium.NoSuchElementException: no such element: Unable to locate element: {"method":"xpath","selector":"//tr/td[18]/table/tbody/tr/td[1]/a"}
  (Session info: chrome=72.0.3626.121)
  (Driver info: chromedriver=2.37.543627 (63642262d9fb93fb4ab52398be4286d844092a5e),platform=Windows NT 10.0.17134 x86_64) (WARNING: The server did not provide any stacktrace information)
Command duration or timeout: 18 milliseconds
For documentation on this error, please visit: http://seleniumhq.org/exceptions/no_such_element.html
Build info: version: '2.53.1', revision: 'a36b8b1', time: '2016-06-30 17:37:03'
System info: host: 'bablukumar', ip: '20.0.0.130', os.name: 'Windows 10', os.arch: 'amd64', os.version: '10.0', java.version: '1.8.0_161'
Driver info: org.openqa.selenium.chrome.ChromeDriver
Capabilities [{applicationCacheEnabled=false, rotatable=false, mobileEmulationEnabled=false, networkConnectionEnabled=false, chrome={chromedriverVersion=2.37.543627 (63642262d9fb93fb4ab52398be4286d844092a5e), userDataDir=C:\Users\bablu.p\AppData\Local\Temp\scoped_dir11728_27097}, takesHeapSnapshot=true, pageLoadStrategy=normal, databaseEnabled=false, handlesAlerts=true, hasTouchScreen=false, version=72.0.3626.121, platform=XP, browserConnectionEnabled=false, nativeEvents=true, acceptSslCerts=false, acceptInsecureCerts=false, locationContextEnabled=true, webStorageEnabled=true, browserName=chrome, takesScreenshot=true, javascriptEnabled=true, cssSelectorsEnabled=true, setWindowRect=true, unexpectedAlertBehaviour=}]
Session ID: b122bdbf6014eaa996f26b709ab0a5e5
*** Element info: {Using=xpath, value=//tr/td[18]/table/tbody/tr/td[1]/a}
	at sun.reflect.GeneratedConstructorAccessor22.newInstance(Unknown Source)
	at sun.reflect.DelegatingConstructorAccessorImpl.newInstance(Unknown Source)
	at java.lang.reflect.Constructor.newInstance(Unknown Source)
	at org.openqa.selenium.remote.ErrorHandler.createThrowable(ErrorHandler.java:206)
	at org.openqa.selenium.remote.ErrorHandler.throwIfResponseFailed(ErrorHandler.java:158)
	at org.openqa.selenium.remote.RemoteWebDriver.execute(RemoteWebDriver.java:678)
	at org.openqa.selenium.remote.RemoteWebDriver.findElement(RemoteWebDriver.java:363)
	at org.openqa.selenium.remote.RemoteWebDriver.findElementByXPath(RemoteWebDriver.java:500)
	at org.openqa.selenium.By$ByXPath.findElement(By.java:361)
	at org.openqa.selenium.remote.RemoteWebDriver.findElement(RemoteWebDriver.java:355)
	at Clinion_GlobalMethod.Clinion_WaitMethod$1.apply(Clinion_WaitMethod.java:48)
	at org.openqa.selenium.support.ui.FluentWait.until(FluentWait.java:238)
	... 27 more
]]>
            </full-stacktrace>
          </exception> <!-- org.openqa.selenium.TimeoutException -->
          <reporter-output>
          </reporter-output>
        </test-method> <!-- eCRFDataExtractionClinion3Point1PerSubjt -->
        <test-method status="PASS" signature="closebrowser()[pri:0, instance:Clinion_Execution.Clinion_CDMStudyExecutionClass@68c4039c]" name="closebrowser" is-config="true" duration-ms="978" started-at="2019-03-07T17:33:49Z" finished-at="2019-03-07T17:33:50Z">
          <reporter-output>
          </reporter-output>
        </test-method> <!-- closebrowser -->
        <test-method status="PASS" signature="BrowserInit()[pri:0, instance:Clinion_Execution.Clinion_CDMStudyExecutionClass@68c4039c]" name="BrowserInit" is-config="true" duration-ms="4344" started-at="2019-03-07T17:33:50Z" finished-at="2019-03-07T17:33:55Z">
          <reporter-output>
          </reporter-output>
        </test-method> <!-- BrowserInit -->
        <test-method status="FAIL" signature="eCRFDataExtractionClinion3Point1PerVisit()[pri:4, instance:Clinion_Execution.Clinion_CDMStudyExecutionClass@68c4039c]" name="eCRFDataExtractionClinion3Point1PerVisit" duration-ms="124199" started-at="2019-03-07T17:33:55Z" finished-at="2019-03-07T17:35:59Z">
          <exception class="org.openqa.selenium.TimeoutException">
            <message>
              <![CDATA[Timed out after 120 seconds waiting for Clinion_GlobalMethod.Clinion_WaitMethod$1@5f7b97da
Build info: version: '2.53.1', revision: 'a36b8b1', time: '2016-06-30 17:37:03'
System info: host: 'bablukumar', ip: '20.0.0.130', os.name: 'Windows 10', os.arch: 'amd64', os.version: '10.0', java.version: '1.8.0_161'
Driver info: driver.version: unknown]]>
            </message>
            <full-stacktrace>
              <![CDATA[org.openqa.selenium.TimeoutException: Timed out after 120 seconds waiting for Clinion_GlobalMethod.Clinion_WaitMethod$1@5f7b97da
Build info: version: '2.53.1', revision: 'a36b8b1', time: '2016-06-30 17:37:03'
System info: host: 'bablukumar', ip: '20.0.0.130', os.name: 'Windows 10', os.arch: 'amd64', os.version: '10.0', java.version: '1.8.0_161'
Driver info: driver.version: unknown
	at org.openqa.selenium.support.ui.FluentWait.timeoutException(FluentWait.java:292)
	at org.openqa.selenium.support.ui.FluentWait.until(FluentWait.java:261)
	at Clinion_GlobalMethod.Clinion_WaitMethod.Wait_GetElementByXpath(Clinion_WaitMethod.java:45)
	at Clinion_CDM_Study.CRFDataExtraction3Point1.eCRFDataExtraction_PerVisit(CRFDataExtraction3Point1.java:414)
	at Clinion_Execution.Clinion_CDMStudyExecutionClass.eCRFDataExtractionClinion3Point1PerVisit(Clinion_CDMStudyExecutionClass.java:58)
	at sun.reflect.NativeMethodAccessorImpl.invoke0(Native Method)
	at sun.reflect.NativeMethodAccessorImpl.invoke(Unknown Source)
	at sun.reflect.DelegatingMethodAccessorImpl.invoke(Unknown Source)
	at java.lang.reflect.Method.invoke(Unknown Source)
	at org.testng.internal.MethodInvocationHelper.invokeMethod(MethodInvocationHelper.java:85)
	at org.testng.internal.Invoker.invokeMethod(Invoker.java:639)
	at org.testng.internal.Invoker.invokeTestMethod(Invoker.java:816)
	at org.testng.internal.Invoker.invokeTestMethods(Invoker.java:1124)
	at org.testng.internal.TestMethodWorker.invokeTestMethods(TestMethodWorker.java:125)
	at org.testng.internal.TestMethodWorker.run(TestMethodWorker.java:108)
	at org.testng.TestRunner.privateRun(TestRunner.java:774)
	at org.testng.TestRunner.run(TestRunner.java:624)
	at org.testng.SuiteRunner.runTest(SuiteRunner.java:359)
	at org.testng.SuiteRunner.runSequentially(SuiteRunner.java:354)
	at org.testng.SuiteRunner.privateRun(SuiteRunner.java:312)
	at org.testng.SuiteRunner.run(SuiteRunner.java:261)
	at org.testng.SuiteRunnerWorker.runSuite(SuiteRunnerWorker.java:52)
	at org.testng.SuiteRunnerWorker.run(SuiteRunnerWorker.java:86)
	at org.testng.TestNG.runSuitesSequentially(TestNG.java:1215)
	at org.testng.TestNG.runSuitesLocally(TestNG.java:1140)
	at org.testng.TestNG.run(TestNG.java:1048)
	at org.testng.remote.AbstractRemoteTestNG.run(AbstractRemoteTestNG.java:114)
	at org.testng.remote.RemoteTestNG.initAndRun(RemoteTestNG.java:251)
	at org.testng.remote.RemoteTestNG.main(RemoteTestNG.java:77)
Caused by: org.openqa.selenium.NoSuchElementException: no such element: Unable to locate element: {"method":"xpath","selector":"//tr/td[18]/table/tbody/tr/td[1]/a"}
  (Session info: chrome=72.0.3626.121)
  (Driver info: chromedriver=2.37.543627 (63642262d9fb93fb4ab52398be4286d844092a5e),platform=Windows NT 10.0.17134 x86_64) (WARNING: The server did not provide any stacktrace information)
Command duration or timeout: 18 milliseconds
For documentation on this error, please visit: http://seleniumhq.org/exceptions/no_such_element.html
Build info: version: '2.53.1', revision: 'a36b8b1', time: '2016-06-30 17:37:03'
System info: host: 'bablukumar', ip: '20.0.0.130', os.name: 'Windows 10', os.arch: 'amd64', os.version: '10.0', java.version: '1.8.0_161'
Driver info: org.openqa.selenium.chrome.ChromeDriver
Capabilities [{applicationCacheEnabled=false, rotatable=false, mobileEmulationEnabled=false, networkConnectionEnabled=false, chrome={chromedriverVersion=2.37.543627 (63642262d9fb93fb4ab52398be4286d844092a5e), userDataDir=C:\Users\bablu.p\AppData\Local\Temp\scoped_dir8_15584}, takesHeapSnapshot=true, pageLoadStrategy=normal, databaseEnabled=false, handlesAlerts=true, hasTouchScreen=false, version=72.0.3626.121, platform=XP, browserConnectionEnabled=false, nativeEvents=true, acceptSslCerts=false, acceptInsecureCerts=false, locationContextEnabled=true, webStorageEnabled=true, browserName=chrome, takesScreenshot=true, javascriptEnabled=true, cssSelectorsEnabled=true, setWindowRect=true, unexpectedAlertBehaviour=}]
Session ID: c7c64e6e26d4d38e1e91eb864af8ae03
*** Element info: {Using=xpath, value=//tr/td[18]/table/tbody/tr/td[1]/a}
	at sun.reflect.GeneratedConstructorAccessor22.newInstance(Unknown Source)
	at sun.reflect.DelegatingConstructorAccessorImpl.newInstance(Unknown Source)
	at java.lang.reflect.Constructor.newInstance(Unknown Source)
	at org.openqa.selenium.remote.ErrorHandler.createThrowable(ErrorHandler.java:206)
	at org.openqa.selenium.remote.ErrorHandler.throwIfResponseFailed(ErrorHandler.java:158)
	at org.openqa.selenium.remote.RemoteWebDriver.execute(RemoteWebDriver.java:678)
	at org.openqa.selenium.remote.RemoteWebDriver.findElement(RemoteWebDriver.java:363)
	at org.openqa.selenium.remote.RemoteWebDriver.findElementByXPath(RemoteWebDriver.java:500)
	at org.openqa.selenium.By$ByXPath.findElement(By.java:361)
	at org.openqa.selenium.remote.RemoteWebDriver.findElement(RemoteWebDriver.java:355)
	at Clinion_GlobalMethod.Clinion_WaitMethod$1.apply(Clinion_WaitMethod.java:48)
	at org.openqa.selenium.support.ui.FluentWait.until(FluentWait.java:238)
	... 27 more
]]>
            </full-stacktrace>
          </exception> <!-- org.openqa.selenium.TimeoutException -->
          <reporter-output>
          </reporter-output>
        </test-method> <!-- eCRFDataExtractionClinion3Point1PerVisit -->
        <test-method status="PASS" signature="closebrowser()[pri:0, instance:Clinion_Execution.Clinion_CDMStudyExecutionClass@68c4039c]" name="closebrowser" is-config="true" duration-ms="939" started-at="2019-03-07T17:35:59Z" finished-at="2019-03-07T17:36:00Z">
          <reporter-output>
          </reporter-output>
        </test-method> <!-- closebrowser -->
      </class> <!-- Clinion_Execution.Clinion_CDMStudyExecutionClass -->
    </test> <!-- Test -->
  </suite> <!-- Suite -->
</testng-results>
